mode: set
E-Commerce_Website_Database/cmd/main.go:21.13,32.16 10 0
E-Commerce_Website_Database/cmd/main.go:32.16,34.3 1 0
E-Commerce_Website_Database/cmd/main.go:35.2,48.46 11 0
E-Commerce_Website_Database/cmd/main.go:48.46,48.93 1 0
E-Commerce_Website_Database/cmd/main.go:49.2,49.72 1 0
E-Commerce_Website_Database/cmd/main.go:49.72,52.17 3 0
E-Commerce_Website_Database/cmd/main.go:52.17,54.4 1 0
E-Commerce_Website_Database/cmd/main.go:55.3,55.72 1 0
E-Commerce_Website_Database/cmd/main.go:57.2,57.42 1 0
E-Commerce_Website_Database/cmd/main.go:57.42,59.3 1 0
E-Commerce_Website_Database/cmd/main.go:63.51,64.39 1 0
E-Commerce_Website_Database/cmd/main.go:64.39,66.3 1 0
E-Commerce_Website_Database/cmd/main.go:68.2,70.38 2 0
E-Commerce_Website_Database/cmd/main.go:70.38,72.3 1 0
E-Commerce_Website_Database/cmd/main.go:74.2,74.39 1 0
E-Commerce_Website_Database/cmd/main.go:74.39,76.3 1 0
E-Commerce_Website_Database/cmd/main.go:79.2,79.44 1 0
E-Commerce_Website_Database/cmd/main.go:79.44,79.72 1 0
E-Commerce_Website_Database/cmd/main.go:80.2,80.48 1 0
E-Commerce_Website_Database/cmd/main.go:80.48,80.75 1 0
E-Commerce_Website_Database/cmd/main.go:81.2,81.45 1 0
E-Commerce_Website_Database/cmd/main.go:81.45,81.75 1 0
E-Commerce_Website_Database/cmd/main.go:82.2,82.48 1 0
E-Commerce_Website_Database/cmd/main.go:82.48,82.78 1 0
E-Commerce_Website_Database/cmd/main.go:83.2,83.51 1 0
E-Commerce_Website_Database/cmd/main.go:83.51,83.81 1 0
E-Commerce_Website_Database/cmd/main.go:86.2,86.52 1 0
E-Commerce_Website_Database/cmd/main.go:86.52,86.86 1 0
E-Commerce_Website_Database/cmd/main.go:88.2,88.54 1 0
E-Commerce_Website_Database/cmd/main.go:88.54,88.92 1 0
E-Commerce_Website_Database/cmd/main.go:89.2,89.58 1 0
E-Commerce_Website_Database/cmd/main.go:89.58,89.95 1 0
E-Commerce_Website_Database/cmd/main.go:90.2,90.55 1 0
E-Commerce_Website_Database/cmd/main.go:90.55,90.95 1 0
E-Commerce_Website_Database/cmd/main.go:91.2,91.58 1 0
E-Commerce_Website_Database/cmd/main.go:91.58,91.98 1 0
E-Commerce_Website_Database/cmd/main.go:92.2,92.61 1 0
E-Commerce_Website_Database/cmd/main.go:92.61,92.101 1 0
E-Commerce_Website_Database/cmd/main.go:95.2,95.62 1 0
E-Commerce_Website_Database/cmd/main.go:95.62,95.106 1 0
E-Commerce_Website_Database/cmd/main.go:97.2,97.46 1 0
E-Commerce_Website_Database/cmd/main.go:97.46,97.76 1 0
E-Commerce_Website_Database/cmd/main.go:98.2,98.50 1 0
E-Commerce_Website_Database/cmd/main.go:98.50,98.79 1 0
E-Commerce_Website_Database/cmd/main.go:99.2,99.47 1 0
E-Commerce_Website_Database/cmd/main.go:99.47,99.79 1 0
E-Commerce_Website_Database/cmd/main.go:100.2,100.50 1 0
E-Commerce_Website_Database/cmd/main.go:100.50,100.82 1 0
E-Commerce_Website_Database/cmd/main.go:101.2,101.53 1 0
E-Commerce_Website_Database/cmd/main.go:101.53,101.85 1 0
E-Commerce_Website_Database/cmd/main.go:104.2,104.54 1 0
E-Commerce_Website_Database/cmd/main.go:104.54,104.90 1 0
E-Commerce_Website_Database/cmd/main.go:106.2,106.47 1 0
E-Commerce_Website_Database/cmd/main.go:106.47,106.78 1 0
E-Commerce_Website_Database/cmd/main.go:107.2,107.51 1 0
E-Commerce_Website_Database/cmd/main.go:107.51,107.81 1 0
E-Commerce_Website_Database/cmd/main.go:108.2,108.48 1 0
E-Commerce_Website_Database/cmd/main.go:108.48,108.81 1 0
E-Commerce_Website_Database/cmd/main.go:109.2,109.51 1 0
E-Commerce_Website_Database/cmd/main.go:109.51,109.84 1 0
E-Commerce_Website_Database/cmd/main.go:110.2,110.54 1 0
E-Commerce_Website_Database/cmd/main.go:110.54,110.87 1 0
E-Commerce_Website_Database/cmd/main.go:113.2,113.55 1 0
E-Commerce_Website_Database/cmd/main.go:113.55,113.92 1 0
E-Commerce_Website_Database/cmd/main.go:115.2,115.44 1 0
E-Commerce_Website_Database/cmd/main.go:115.44,115.73 1 0
E-Commerce_Website_Database/cmd/main.go:116.2,116.48 1 0
E-Commerce_Website_Database/cmd/main.go:116.48,116.76 1 0
E-Commerce_Website_Database/cmd/main.go:117.2,117.45 1 0
E-Commerce_Website_Database/cmd/main.go:117.45,117.76 1 0
E-Commerce_Website_Database/cmd/main.go:118.2,118.48 1 0
E-Commerce_Website_Database/cmd/main.go:118.48,118.79 1 0
E-Commerce_Website_Database/cmd/main.go:119.2,119.51 1 0
E-Commerce_Website_Database/cmd/main.go:119.51,119.82 1 0
E-Commerce_Website_Database/cmd/main.go:121.2,121.53 1 0
E-Commerce_Website_Database/cmd/main.go:121.53,121.88 1 0
E-Commerce_Website_Database/cmd/main.go:123.2,123.49 1 0
E-Commerce_Website_Database/cmd/main.go:123.49,123.82 1 0
E-Commerce_Website_Database/cmd/main.go:124.2,124.53 1 0
E-Commerce_Website_Database/cmd/main.go:124.53,124.84 1 0
E-Commerce_Website_Database/cmd/main.go:125.2,125.50 1 0
E-Commerce_Website_Database/cmd/main.go:125.50,125.84 1 0
E-Commerce_Website_Database/cmd/main.go:126.2,126.53 1 0
E-Commerce_Website_Database/cmd/main.go:126.53,126.87 1 0
E-Commerce_Website_Database/cmd/main.go:127.2,127.56 1 0
E-Commerce_Website_Database/cmd/main.go:127.56,127.90 1 0
E-Commerce_Website_Database/cmd/main.go:129.2,129.57 1 0
E-Commerce_Website_Database/cmd/main.go:129.57,129.96 1 0
E-Commerce_Website_Database/cmd/main.go:131.2,131.45 1 0
E-Commerce_Website_Database/cmd/main.go:131.45,131.74 1 0
E-Commerce_Website_Database/cmd/main.go:132.2,132.49 1 0
E-Commerce_Website_Database/cmd/main.go:132.49,132.77 1 0
E-Commerce_Website_Database/cmd/main.go:133.2,133.46 1 0
E-Commerce_Website_Database/cmd/main.go:133.46,133.77 1 0
E-Commerce_Website_Database/cmd/main.go:134.2,134.49 1 0
E-Commerce_Website_Database/cmd/main.go:134.49,134.80 1 0
E-Commerce_Website_Database/cmd/main.go:135.2,135.52 1 0
E-Commerce_Website_Database/cmd/main.go:135.52,135.83 1 0
E-Commerce_Website_Database/cmd/main.go:138.2,138.53 1 0
E-Commerce_Website_Database/cmd/main.go:138.53,138.88 1 0
E-Commerce_Website_Database/cmd/main.go:140.2,140.49 1 0
E-Commerce_Website_Database/cmd/main.go:140.49,140.82 1 0
E-Commerce_Website_Database/cmd/main.go:141.2,141.53 1 0
E-Commerce_Website_Database/cmd/main.go:141.53,141.85 1 0
E-Commerce_Website_Database/cmd/main.go:142.2,142.50 1 0
E-Commerce_Website_Database/cmd/main.go:142.50,142.85 1 0
E-Commerce_Website_Database/cmd/main.go:143.2,143.53 1 0
E-Commerce_Website_Database/cmd/main.go:143.53,143.88 1 0
E-Commerce_Website_Database/cmd/main.go:144.2,144.56 1 0
E-Commerce_Website_Database/cmd/main.go:144.56,144.91 1 0
E-Commerce_Website_Database/cmd/main.go:147.2,147.57 1 0
E-Commerce_Website_Database/cmd/main.go:147.57,147.96 1 0
E-Commerce_Website_Database/cmd/main.go:149.2,149.47 1 0
E-Commerce_Website_Database/cmd/main.go:149.47,149.78 1 0
E-Commerce_Website_Database/cmd/main.go:150.2,150.51 1 0
E-Commerce_Website_Database/cmd/main.go:150.51,150.81 1 0
E-Commerce_Website_Database/cmd/main.go:151.2,151.48 1 0
E-Commerce_Website_Database/cmd/main.go:151.48,151.81 1 0
E-Commerce_Website_Database/cmd/main.go:152.2,152.51 1 0
E-Commerce_Website_Database/cmd/main.go:152.51,152.84 1 0
E-Commerce_Website_Database/cmd/main.go:153.2,153.54 1 0
E-Commerce_Website_Database/cmd/main.go:153.54,153.87 1 0
E-Commerce_Website_Database/cmd/main.go:156.2,156.55 1 0
E-Commerce_Website_Database/cmd/main.go:156.55,156.92 1 0
E-Commerce_Website_Database/cmd/main.go:161.41,162.30 1 0
E-Commerce_Website_Database/cmd/main.go:162.30,166.3 3 0
E-Commerce_Website_Database/internal/config/config.go:12.19,13.40 1 1
E-Commerce_Website_Database/internal/config/config.go:13.40,15.3 1 0
E-Commerce_Website_Database/internal/config/config.go:22.35,24.2 1 1
E-Commerce_Website_Database/internal/models/brand.go:19.50,21.47 2 1
E-Commerce_Website_Database/internal/models/brand.go:21.47,23.3 1 0
E-Commerce_Website_Database/internal/models/brand.go:24.2,24.20 1 1
E-Commerce_Website_Database/internal/models/brand.go:30.44,31.35 1 1
E-Commerce_Website_Database/internal/models/brand.go:31.35,33.3 1 1
E-Commerce_Website_Database/internal/models/brand.go:33.8,36.3 2 1
E-Commerce_Website_Database/internal/models/brand.go:42.58,43.43 1 1
E-Commerce_Website_Database/internal/models/brand.go:43.43,45.3 1 1
E-Commerce_Website_Database/internal/models/brand.go:45.8,48.3 2 1
E-Commerce_Website_Database/internal/models/brand.go:54.47,56.67 2 1
E-Commerce_Website_Database/internal/models/brand.go:56.67,58.3 1 1
E-Commerce_Website_Database/internal/models/brand.go:59.2,59.13 1 1
E-Commerce_Website_Database/internal/models/brand.go:66.84,70.39 3 1
E-Commerce_Website_Database/internal/models/brand.go:70.39,71.14 1 1
E-Commerce_Website_Database/internal/models/brand.go:72.30,74.40 1 1
E-Commerce_Website_Database/internal/models/brand.go:74.40,76.5 1 1
E-Commerce_Website_Database/internal/models/brand.go:80.2,80.59 1 1
E-Commerce_Website_Database/internal/models/brand.go:80.59,82.3 1 0
E-Commerce_Website_Database/internal/models/brand.go:83.2,83.20 1 1
E-Commerce_Website_Database/internal/models/category.go:18.56,20.51 2 1
E-Commerce_Website_Database/internal/models/category.go:20.51,22.3 1 0
E-Commerce_Website_Database/internal/models/category.go:23.2,23.24 1 1
E-Commerce_Website_Database/internal/models/category.go:28.46,29.35 1 1
E-Commerce_Website_Database/internal/models/category.go:29.35,31.3 1 1
E-Commerce_Website_Database/internal/models/category.go:31.8,34.3 2 1
E-Commerce_Website_Database/internal/models/category.go:39.60,40.43 1 1
E-Commerce_Website_Database/internal/models/category.go:40.43,42.3 1 1
E-Commerce_Website_Database/internal/models/category.go:42.8,45.3 2 1
E-Commerce_Website_Database/internal/models/category.go:50.50,52.70 2 1
E-Commerce_Website_Database/internal/models/category.go:52.70,54.3 1 1
E-Commerce_Website_Database/internal/models/category.go:55.2,55.13 1 1
E-Commerce_Website_Database/internal/models/category.go:60.89,64.39 3 1
E-Commerce_Website_Database/internal/models/category.go:64.39,65.14 1 1
E-Commerce_Website_Database/internal/models/category.go:66.30,68.40 1 1
E-Commerce_Website_Database/internal/models/category.go:68.40,70.5 1 1
E-Commerce_Website_Database/internal/models/category.go:74.2,74.61 1 1
E-Commerce_Website_Database/internal/models/category.go:74.61,76.3 1 0
E-Commerce_Website_Database/internal/models/category.go:77.2,77.22 1 1
E-Commerce_Website_Database/internal/models/order.go:21.49,23.47 2 1
E-Commerce_Website_Database/internal/models/order.go:23.47,25.3 1 0
E-Commerce_Website_Database/internal/models/order.go:26.2,26.20 1 1
E-Commerce_Website_Database/internal/models/order.go:32.61,33.30 1 1
E-Commerce_Website_Database/internal/models/order.go:33.30,35.3 1 1
E-Commerce_Website_Database/internal/models/order.go:35.8,38.3 2 1
E-Commerce_Website_Database/internal/models/order.go:43.54,44.34 1 1
E-Commerce_Website_Database/internal/models/order.go:44.34,46.3 1 1
E-Commerce_Website_Database/internal/models/order.go:47.2,47.13 1 1
E-Commerce_Website_Database/internal/models/order.go:53.59,54.37 1 1
E-Commerce_Website_Database/internal/models/order.go:54.37,56.3 1 1
E-Commerce_Website_Database/internal/models/order.go:57.2,58.13 2 1
E-Commerce_Website_Database/internal/models/order.go:64.47,65.37 1 1
E-Commerce_Website_Database/internal/models/order.go:65.37,67.3 1 1
E-Commerce_Website_Database/internal/models/order.go:68.2,69.13 2 1
E-Commerce_Website_Database/internal/models/order.go:74.47,76.55 2 1
E-Commerce_Website_Database/internal/models/order.go:76.55,78.3 1 1
E-Commerce_Website_Database/internal/models/order.go:79.2,79.13 1 1
E-Commerce_Website_Database/internal/models/order.go:85.85,89.39 3 1
E-Commerce_Website_Database/internal/models/order.go:89.39,91.14 2 1
E-Commerce_Website_Database/internal/models/order.go:92.18,93.37 1 1
E-Commerce_Website_Database/internal/models/order.go:93.37,95.5 1 1
E-Commerce_Website_Database/internal/models/order.go:96.21,97.16 1 0
E-Commerce_Website_Database/internal/models/order.go:97.16,99.5 1 0
E-Commerce_Website_Database/internal/models/order.go:100.23,102.41 1 0
E-Commerce_Website_Database/internal/models/order.go:102.41,104.5 1 0
E-Commerce_Website_Database/internal/models/order.go:105.17,107.16 1 0
E-Commerce_Website_Database/internal/models/order.go:107.16,109.5 1 0
E-Commerce_Website_Database/internal/models/order.go:113.2,113.58 1 1
E-Commerce_Website_Database/internal/models/order.go:113.58,115.3 1 0
E-Commerce_Website_Database/internal/models/order.go:116.2,116.20 1 1
E-Commerce_Website_Database/internal/models/orderItem.go:21.57,23.51 2 1
E-Commerce_Website_Database/internal/models/orderItem.go:23.51,25.3 1 0
E-Commerce_Website_Database/internal/models/orderItem.go:26.2,26.24 1 1
E-Commerce_Website_Database/internal/models/orderItem.go:32.68,33.32 1 1
E-Commerce_Website_Database/internal/models/orderItem.go:33.32,35.3 1 1
E-Commerce_Website_Database/internal/models/orderItem.go:35.8,38.3 2 1
E-Commerce_Website_Database/internal/models/orderItem.go:44.72,45.36 1 1
E-Commerce_Website_Database/internal/models/orderItem.go:45.36,47.3 1 1
E-Commerce_Website_Database/internal/models/orderItem.go:47.8,50.3 2 1
E-Commerce_Website_Database/internal/models/orderItem.go:56.53,57.31 1 1
E-Commerce_Website_Database/internal/models/orderItem.go:57.31,59.3 1 1
E-Commerce_Website_Database/internal/models/orderItem.go:59.8,62.3 2 1
E-Commerce_Website_Database/internal/models/orderItem.go:67.57,68.33 1 1
E-Commerce_Website_Database/internal/models/orderItem.go:68.33,70.3 1 1
E-Commerce_Website_Database/internal/models/orderItem.go:70.8,73.3 2 1
E-Commerce_Website_Database/internal/models/orderItem.go:78.51,80.59 2 1
E-Commerce_Website_Database/internal/models/orderItem.go:80.59,82.3 1 1
E-Commerce_Website_Database/internal/models/orderItem.go:83.2,83.13 1 1
E-Commerce_Website_Database/internal/models/orderItem.go:90.93,94.39 3 1
E-Commerce_Website_Database/internal/models/orderItem.go:94.39,95.14 1 1
E-Commerce_Website_Database/internal/models/orderItem.go:96.33,97.37 1 1
E-Commerce_Website_Database/internal/models/orderItem.go:97.37,99.5 1 1
E-Commerce_Website_Database/internal/models/orderItem.go:100.19,102.37 1 0
E-Commerce_Website_Database/internal/models/orderItem.go:102.37,104.5 1 0
E-Commerce_Website_Database/internal/models/orderItem.go:105.19,107.41 1 0
E-Commerce_Website_Database/internal/models/orderItem.go:107.41,109.5 1 0
E-Commerce_Website_Database/internal/models/orderItem.go:113.2,113.62 1 1
E-Commerce_Website_Database/internal/models/orderItem.go:113.62,115.3 1 0
E-Commerce_Website_Database/internal/models/orderItem.go:116.2,116.24 1 1
E-Commerce_Website_Database/internal/models/payment.go:22.53,24.49 2 1
E-Commerce_Website_Database/internal/models/payment.go:24.49,26.3 1 0
E-Commerce_Website_Database/internal/models/payment.go:27.2,27.22 1 1
E-Commerce_Website_Database/internal/models/payment.go:32.65,33.32 1 1
E-Commerce_Website_Database/internal/models/payment.go:33.32,35.3 1 1
E-Commerce_Website_Database/internal/models/payment.go:35.8,38.3 2 1
E-Commerce_Website_Database/internal/models/payment.go:43.64,44.47 1 1
E-Commerce_Website_Database/internal/models/payment.go:44.47,46.3 1 1
E-Commerce_Website_Database/internal/models/payment.go:46.8,49.3 2 1
E-Commerce_Website_Database/internal/models/payment.go:54.50,55.31 1 1
E-Commerce_Website_Database/internal/models/payment.go:55.31,57.3 1 1
E-Commerce_Website_Database/internal/models/payment.go:57.8,60.3 2 1
E-Commerce_Website_Database/internal/models/payment.go:65.60,66.36 1 1
E-Commerce_Website_Database/internal/models/payment.go:66.36,68.3 1 1
E-Commerce_Website_Database/internal/models/payment.go:68.8,71.3 2 1
E-Commerce_Website_Database/internal/models/payment.go:76.49,77.37 1 1
E-Commerce_Website_Database/internal/models/payment.go:77.37,79.3 1 1
E-Commerce_Website_Database/internal/models/payment.go:79.8,82.3 2 1
E-Commerce_Website_Database/internal/models/payment.go:87.49,89.57 2 1
E-Commerce_Website_Database/internal/models/payment.go:89.57,91.3 1 1
E-Commerce_Website_Database/internal/models/payment.go:92.2,92.13 1 1
E-Commerce_Website_Database/internal/models/payment.go:100.89,104.39 3 1
E-Commerce_Website_Database/internal/models/payment.go:104.39,106.14 2 1
E-Commerce_Website_Database/internal/models/payment.go:107.35,109.16 1 1
E-Commerce_Website_Database/internal/models/payment.go:109.16,111.5 1 1
E-Commerce_Website_Database/internal/models/payment.go:112.17,114.41 1 0
E-Commerce_Website_Database/internal/models/payment.go:114.41,116.5 1 0
E-Commerce_Website_Database/internal/models/payment.go:117.19,118.37 1 0
E-Commerce_Website_Database/internal/models/payment.go:118.37,120.5 1 0
E-Commerce_Website_Database/internal/models/payment.go:122.23,123.16 1 0
E-Commerce_Website_Database/internal/models/payment.go:123.16,125.5 1 0
E-Commerce_Website_Database/internal/models/payment.go:129.2,129.60 1 1
E-Commerce_Website_Database/internal/models/payment.go:129.60,131.3 1 0
E-Commerce_Website_Database/internal/models/payment.go:132.2,132.22 1 1
E-Commerce_Website_Database/internal/models/product.go:23.53,25.49 2 1
E-Commerce_Website_Database/internal/models/product.go:25.49,27.3 1 0
E-Commerce_Website_Database/internal/models/product.go:28.2,28.22 1 1
E-Commerce_Website_Database/internal/models/product.go:33.45,34.35 1 1
E-Commerce_Website_Database/internal/models/product.go:34.35,36.3 1 1
E-Commerce_Website_Database/internal/models/product.go:36.8,39.3 2 1
E-Commerce_Website_Database/internal/models/product.go:44.59,45.43 1 1
E-Commerce_Website_Database/internal/models/product.go:45.43,47.3 1 1
E-Commerce_Website_Database/internal/models/product.go:47.8,50.3 2 1
E-Commerce_Website_Database/internal/models/product.go:55.48,56.30 1 1
E-Commerce_Website_Database/internal/models/product.go:56.30,58.3 1 1
E-Commerce_Website_Database/internal/models/product.go:58.8,61.3 2 1
E-Commerce_Website_Database/internal/models/product.go:66.61,67.37 1 1
E-Commerce_Website_Database/internal/models/product.go:67.37,69.3 1 1
E-Commerce_Website_Database/internal/models/product.go:69.8,72.3 2 1
E-Commerce_Website_Database/internal/models/product.go:77.65,78.32 1 1
E-Commerce_Website_Database/internal/models/product.go:78.32,80.3 1 1
E-Commerce_Website_Database/internal/models/product.go:80.8,83.3 2 1
E-Commerce_Website_Database/internal/models/product.go:88.71,89.38 1 1
E-Commerce_Website_Database/internal/models/product.go:89.38,91.3 1 1
E-Commerce_Website_Database/internal/models/product.go:91.8,94.3 2 1
E-Commerce_Website_Database/internal/models/product.go:99.49,101.41 2 1
E-Commerce_Website_Database/internal/models/product.go:101.41,103.3 1 1
E-Commerce_Website_Database/internal/models/product.go:104.2,104.13 1 1
E-Commerce_Website_Database/internal/models/product.go:109.89,113.39 3 1
E-Commerce_Website_Database/internal/models/product.go:113.39,114.14 1 1
E-Commerce_Website_Database/internal/models/product.go:115.30,117.40 1 1
E-Commerce_Website_Database/internal/models/product.go:117.40,119.5 1 1
E-Commerce_Website_Database/internal/models/product.go:120.34,122.41 1 0
E-Commerce_Website_Database/internal/models/product.go:122.41,124.5 1 0
E-Commerce_Website_Database/internal/models/product.go:125.21,127.40 1 0
E-Commerce_Website_Database/internal/models/product.go:127.40,129.5 1 0
E-Commerce_Website_Database/internal/models/product.go:130.24,132.40 1 0
E-Commerce_Website_Database/internal/models/product.go:132.40,134.5 1 0
E-Commerce_Website_Database/internal/models/product.go:138.2,138.52 1 1
E-Commerce_Website_Database/internal/models/product.go:138.52,140.3 1 0
E-Commerce_Website_Database/internal/models/product.go:141.2,141.22 1 1
E-Commerce_Website_Database/internal/models/review.go:21.51,23.48 2 1
E-Commerce_Website_Database/internal/models/review.go:23.48,25.3 1 0
E-Commerce_Website_Database/internal/models/review.go:26.2,26.21 1 1
E-Commerce_Website_Database/internal/models/review.go:31.68,32.36 1 1
E-Commerce_Website_Database/internal/models/review.go:32.36,34.3 1 1
E-Commerce_Website_Database/internal/models/review.go:34.8,37.3 2 1
E-Commerce_Website_Database/internal/models/review.go:42.62,43.30 1 1
E-Commerce_Website_Database/internal/models/review.go:43.30,45.3 1 1
E-Commerce_Website_Database/internal/models/review.go:45.8,48.3 2 1
E-Commerce_Website_Database/internal/models/review.go:53.45,54.32 1 1
E-Commerce_Website_Database/internal/models/review.go:54.32,56.3 1 1
E-Commerce_Website_Database/internal/models/review.go:56.8,59.3 2 1
E-Commerce_Website_Database/internal/models/review.go:64.50,65.38 1 1
E-Commerce_Website_Database/internal/models/review.go:65.38,67.3 1 1
E-Commerce_Website_Database/internal/models/review.go:67.8,70.3 2 1
E-Commerce_Website_Database/internal/models/review.go:75.57,76.35 1 1
E-Commerce_Website_Database/internal/models/review.go:76.35,78.3 1 1
E-Commerce_Website_Database/internal/models/review.go:78.8,81.3 2 1
E-Commerce_Website_Database/internal/models/review.go:86.48,88.56 2 1
E-Commerce_Website_Database/internal/models/review.go:88.56,90.3 1 1
E-Commerce_Website_Database/internal/models/review.go:91.2,91.13 1 1
E-Commerce_Website_Database/internal/models/review.go:96.87,100.39 3 1
E-Commerce_Website_Database/internal/models/review.go:100.39,102.14 2 1
E-Commerce_Website_Database/internal/models/review.go:103.32,104.37 1 0
E-Commerce_Website_Database/internal/models/review.go:104.37,106.5 1 0
E-Commerce_Website_Database/internal/models/review.go:107.17,109.37 1 1
E-Commerce_Website_Database/internal/models/review.go:109.37,111.5 1 1
E-Commerce_Website_Database/internal/models/review.go:112.18,113.16 1 0
E-Commerce_Website_Database/internal/models/review.go:113.16,115.5 1 0
E-Commerce_Website_Database/internal/models/review.go:116.22,117.16 1 0
E-Commerce_Website_Database/internal/models/review.go:117.16,119.5 1 0
E-Commerce_Website_Database/internal/models/review.go:123.2,123.59 1 1
E-Commerce_Website_Database/internal/models/review.go:123.59,125.3 1 0
E-Commerce_Website_Database/internal/models/review.go:126.2,126.21 1 1
E-Commerce_Website_Database/internal/models/shippingDetails.go:22.68,24.56 2 1
E-Commerce_Website_Database/internal/models/shippingDetails.go:24.56,26.3 1 0
E-Commerce_Website_Database/internal/models/shippingDetails.go:27.2,27.29 1 1
E-Commerce_Website_Database/internal/models/shippingDetails.go:32.73,33.32 1 1
E-Commerce_Website_Database/internal/models/shippingDetails.go:33.32,35.3 1 1
E-Commerce_Website_Database/internal/models/shippingDetails.go:35.8,38.3 2 1
E-Commerce_Website_Database/internal/models/shippingDetails.go:43.59,44.38 1 1
E-Commerce_Website_Database/internal/models/shippingDetails.go:44.38,46.3 1 1
E-Commerce_Website_Database/internal/models/shippingDetails.go:46.8,49.3 2 1
E-Commerce_Website_Database/internal/models/shippingDetails.go:54.70,55.37 1 1
E-Commerce_Website_Database/internal/models/shippingDetails.go:55.37,57.3 1 1
E-Commerce_Website_Database/internal/models/shippingDetails.go:57.8,60.3 2 1
E-Commerce_Website_Database/internal/models/shippingDetails.go:65.78,66.41 1 1
E-Commerce_Website_Database/internal/models/shippingDetails.go:66.41,68.3 1 1
E-Commerce_Website_Database/internal/models/shippingDetails.go:68.8,71.3 2 1
E-Commerce_Website_Database/internal/models/shippingDetails.go:76.57,77.37 1 1
E-Commerce_Website_Database/internal/models/shippingDetails.go:77.37,79.3 1 1
E-Commerce_Website_Database/internal/models/shippingDetails.go:79.8,82.3 2 1
E-Commerce_Website_Database/internal/models/shippingDetails.go:87.57,89.65 2 1
E-Commerce_Website_Database/internal/models/shippingDetails.go:89.65,91.3 1 1
E-Commerce_Website_Database/internal/models/shippingDetails.go:92.2,92.13 1 1
E-Commerce_Website_Database/internal/models/shippingDetails.go:98.105,102.39 3 1
E-Commerce_Website_Database/internal/models/shippingDetails.go:102.39,104.14 2 1
E-Commerce_Website_Database/internal/models/shippingDetails.go:105.19,106.37 1 0
E-Commerce_Website_Database/internal/models/shippingDetails.go:106.37,108.5 1 0
E-Commerce_Website_Database/internal/models/shippingDetails.go:109.18,110.16 1 1
E-Commerce_Website_Database/internal/models/shippingDetails.go:110.16,112.5 1 1
E-Commerce_Website_Database/internal/models/shippingDetails.go:113.45,114.16 1 0
E-Commerce_Website_Database/internal/models/shippingDetails.go:114.16,116.5 1 0
E-Commerce_Website_Database/internal/models/shippingDetails.go:117.17,118.16 1 0
E-Commerce_Website_Database/internal/models/shippingDetails.go:118.16,120.5 1 0
E-Commerce_Website_Database/internal/models/shippingDetails.go:124.2,124.67 1 1
E-Commerce_Website_Database/internal/models/shippingDetails.go:124.67,126.3 1 0
E-Commerce_Website_Database/internal/models/shippingDetails.go:127.2,127.29 1 1
E-Commerce_Website_Database/internal/models/user.go:24.47,26.46 2 1
E-Commerce_Website_Database/internal/models/user.go:26.46,28.3 1 0
E-Commerce_Website_Database/internal/models/user.go:29.2,29.19 1 1
E-Commerce_Website_Database/internal/models/user.go:32.42,33.28 1 1
E-Commerce_Website_Database/internal/models/user.go:33.28,35.3 1 1
E-Commerce_Website_Database/internal/models/user.go:35.8,38.3 2 1
E-Commerce_Website_Database/internal/models/user.go:44.50,45.39 1 1
E-Commerce_Website_Database/internal/models/user.go:45.39,47.3 1 1
E-Commerce_Website_Database/internal/models/user.go:47.8,50.3 2 1
E-Commerce_Website_Database/internal/models/user.go:55.44,56.34 1 0
E-Commerce_Website_Database/internal/models/user.go:56.34,58.3 1 0
E-Commerce_Website_Database/internal/models/user.go:58.8,61.3 2 0
E-Commerce_Website_Database/internal/models/user.go:66.50,67.36 1 1
E-Commerce_Website_Database/internal/models/user.go:67.36,69.3 1 1
E-Commerce_Website_Database/internal/models/user.go:69.8,72.3 2 1
E-Commerce_Website_Database/internal/models/user.go:77.44,78.30 1 1
E-Commerce_Website_Database/internal/models/user.go:78.30,80.3 1 1
E-Commerce_Website_Database/internal/models/user.go:80.8,83.3 2 1
E-Commerce_Website_Database/internal/models/user.go:88.53,89.41 1 1
E-Commerce_Website_Database/internal/models/user.go:89.41,91.3 1 1
E-Commerce_Website_Database/internal/models/user.go:91.8,94.3 2 1
E-Commerce_Website_Database/internal/models/user.go:99.51,100.40 1 1
E-Commerce_Website_Database/internal/models/user.go:100.40,102.3 1 1
E-Commerce_Website_Database/internal/models/user.go:102.8,105.3 2 1
E-Commerce_Website_Database/internal/models/user.go:110.48,111.38 1 1
E-Commerce_Website_Database/internal/models/user.go:111.38,113.3 1 1
E-Commerce_Website_Database/internal/models/user.go:113.8,116.3 2 1
E-Commerce_Website_Database/internal/models/user.go:121.46,123.38 2 1
E-Commerce_Website_Database/internal/models/user.go:123.38,125.3 1 1
E-Commerce_Website_Database/internal/models/user.go:126.2,126.13 1 1
E-Commerce_Website_Database/internal/models/user.go:132.84,136.39 3 1
E-Commerce_Website_Database/internal/models/user.go:136.39,137.39 1 1
E-Commerce_Website_Database/internal/models/user.go:137.39,139.4 1 1
E-Commerce_Website_Database/internal/models/user.go:142.2,142.57 1 1
E-Commerce_Website_Database/internal/models/user.go:142.57,144.3 1 0
E-Commerce_Website_Database/internal/models/user.go:145.2,145.19 1 1
E-Commerce_Website_Database/internal/tools/Authentication.go:21.44,22.30 1 1
E-Commerce_Website_Database/internal/tools/Authentication.go:22.30,26.77 2 1
E-Commerce_Website_Database/internal/tools/Authentication.go:26.77,28.4 1 1
E-Commerce_Website_Database/internal/tools/Authentication.go:30.3,30.84 1 1
E-Commerce_Website_Database/internal/tools/Authentication.go:30.84,31.59 1 1
E-Commerce_Website_Database/internal/tools/Authentication.go:31.59,33.5 1 0
E-Commerce_Website_Database/internal/tools/Authentication.go:34.4,34.28 1 1
E-Commerce_Website_Database/internal/tools/Authentication.go:37.3,37.17 1 1
E-Commerce_Website_Database/internal/tools/Authentication.go:37.17,41.4 3 1
E-Commerce_Website_Database/internal/tools/Authentication.go:43.3,43.68 1 1
E-Commerce_Website_Database/internal/tools/Authentication.go:43.68,46.4 2 1
E-Commerce_Website_Database/internal/tools/Authentication.go:46.9,50.4 3 0
E-Commerce_Website_Database/internal/tools/Authentication.go:66.103,76.2 7 1
E-Commerce_Website_Database/internal/tools/checkValid.go:10.60,11.86 1 1
E-Commerce_Website_Database/internal/tools/checkValid.go:11.86,13.3 1 1
E-Commerce_Website_Database/internal/tools/checkValid.go:14.2,14.13 1 1
E-Commerce_Website_Database/internal/tools/checkValid.go:20.42,23.64 1 1
E-Commerce_Website_Database/internal/tools/checkValid.go:23.64,25.3 1 1
E-Commerce_Website_Database/internal/tools/checkValid.go:26.2,26.13 1 1
E-Commerce_Website_Database/internal/tools/checkValid.go:31.36,32.20 1 1
E-Commerce_Website_Database/internal/tools/checkValid.go:32.20,34.3 1 1
E-Commerce_Website_Database/internal/tools/checkValid.go:35.2,35.13 1 1
E-Commerce_Website_Database/internal/tools/checkValid.go:39.39,40.38 1 1
E-Commerce_Website_Database/internal/tools/checkValid.go:40.38,42.3 1 1
E-Commerce_Website_Database/internal/tools/checkValid.go:43.2,43.13 1 1
E-Commerce_Website_Database/internal/tools/checkValid.go:48.44,49.22 1 1
E-Commerce_Website_Database/internal/tools/checkValid.go:49.22,51.3 1 1
E-Commerce_Website_Database/internal/tools/checkValid.go:52.2,52.13 1 1
E-Commerce_Website_Database/internal/tools/checkValid.go:58.36,59.68 1 1
E-Commerce_Website_Database/internal/tools/checkValid.go:59.68,61.3 1 1
E-Commerce_Website_Database/internal/tools/checkValid.go:62.2,62.13 1 1
E-Commerce_Website_Database/internal/tools/checkValid.go:67.53,69.44 2 1
E-Commerce_Website_Database/internal/tools/checkValid.go:69.44,70.28 1 1
E-Commerce_Website_Database/internal/tools/checkValid.go:70.28,72.4 1 1
E-Commerce_Website_Database/internal/tools/checkValid.go:74.2,74.14 1 1
E-Commerce_Website_Database/internal/tools/checkValid.go:79.34,81.57 2 1
E-Commerce_Website_Database/internal/tools/checkValid.go:81.57,83.3 1 1
E-Commerce_Website_Database/internal/tools/checkValid.go:83.8,84.29 1 1
E-Commerce_Website_Database/internal/tools/checkValid.go:84.29,85.24 1 1
E-Commerce_Website_Database/internal/tools/checkValid.go:85.24,86.13 1 1
E-Commerce_Website_Database/internal/tools/checkValid.go:87.10,87.39 1 1
E-Commerce_Website_Database/internal/tools/checkValid.go:87.39,89.5 1 1
E-Commerce_Website_Database/internal/tools/checkValid.go:92.2,92.13 1 1
E-Commerce_Website_Database/internal/tools/checkValid.go:98.45,101.43 3 1
E-Commerce_Website_Database/internal/tools/checkValid.go:101.43,102.28 1 1
E-Commerce_Website_Database/internal/tools/checkValid.go:102.28,104.4 1 1
E-Commerce_Website_Database/internal/tools/checkValid.go:106.2,106.14 1 1
E-Commerce_Website_Database/internal/tools/checkValid.go:111.34,113.39 2 1
E-Commerce_Website_Database/internal/tools/checkValid.go:113.39,114.24 1 1
E-Commerce_Website_Database/internal/tools/checkValid.go:114.24,116.4 1 1
E-Commerce_Website_Database/internal/tools/checkValid.go:118.2,118.14 1 1
E-Commerce_Website_Database/internal/tools/checkValid.go:123.43,124.20 1 0
E-Commerce_Website_Database/internal/tools/checkValid.go:124.20,126.3 1 0
E-Commerce_Website_Database/internal/tools/checkValid.go:127.2,127.29 1 0
E-Commerce_Website_Database/internal/tools/checkValid.go:127.29,128.29 1 0
E-Commerce_Website_Database/internal/tools/checkValid.go:128.29,130.4 1 0
E-Commerce_Website_Database/internal/tools/checkValid.go:132.2,132.13 1 0
E-Commerce_Website_Database/internal/tools/tools.go:11.28,14.2 2 1
E-Commerce_Website_Database/internal/tools/tools.go:21.44,23.16 2 1
E-Commerce_Website_Database/internal/tools/tools.go:23.16,25.3 1 1
E-Commerce_Website_Database/internal/tools/tools.go:26.2,26.22 1 1
E-Commerce_Website_Database/internal/handlers/Authentication.go:16.78,23.60 2 1
E-Commerce_Website_Database/internal/handlers/Authentication.go:23.60,26.3 2 0
E-Commerce_Website_Database/internal/handlers/Authentication.go:29.2,30.16 2 1
E-Commerce_Website_Database/internal/handlers/Authentication.go:30.16,33.3 2 1
E-Commerce_Website_Database/internal/handlers/Authentication.go:34.2,34.17 1 1
E-Commerce_Website_Database/internal/handlers/Authentication.go:34.17,37.3 2 0
E-Commerce_Website_Database/internal/handlers/Authentication.go:40.2,40.112 1 1
E-Commerce_Website_Database/internal/handlers/Authentication.go:40.112,43.3 2 1
E-Commerce_Website_Database/internal/handlers/Authentication.go:46.2,47.16 2 1
E-Commerce_Website_Database/internal/handlers/Authentication.go:47.16,50.3 2 1
E-Commerce_Website_Database/internal/handlers/Authentication.go:53.2,53.52 1 1
E-Commerce_Website_Database/internal/handlers/brand_handler.go:16.44,20.67 3 1
E-Commerce_Website_Database/internal/handlers/brand_handler.go:20.67,23.3 2 1
E-Commerce_Website_Database/internal/handlers/brand_handler.go:24.2,24.30 1 1
E-Commerce_Website_Database/internal/handlers/brand_handler.go:30.45,32.16 2 1
E-Commerce_Website_Database/internal/handlers/brand_handler.go:32.16,35.3 2 0
E-Commerce_Website_Database/internal/handlers/brand_handler.go:36.2,36.31 1 1
E-Commerce_Website_Database/internal/handlers/brand_handler.go:42.51,45.56 2 1
E-Commerce_Website_Database/internal/handlers/brand_handler.go:45.56,46.43 1 1
E-Commerce_Website_Database/internal/handlers/brand_handler.go:46.43,49.4 2 1
E-Commerce_Website_Database/internal/handlers/brand_handler.go:52.2,53.16 2 1
E-Commerce_Website_Database/internal/handlers/brand_handler.go:53.16,56.3 2 1
E-Commerce_Website_Database/internal/handlers/brand_handler.go:57.2,57.90 1 1
E-Commerce_Website_Database/internal/handlers/brand_handler.go:57.90,60.3 2 0
E-Commerce_Website_Database/internal/handlers/brand_handler.go:62.2,62.31 1 1
E-Commerce_Website_Database/internal/handlers/brand_handler.go:70.47,72.52 2 1
E-Commerce_Website_Database/internal/handlers/brand_handler.go:72.52,75.3 2 0
E-Commerce_Website_Database/internal/handlers/brand_handler.go:77.2,85.56 2 1
E-Commerce_Website_Database/internal/handlers/brand_handler.go:85.56,88.3 2 1
E-Commerce_Website_Database/internal/handlers/brand_handler.go:90.2,90.48 1 1
E-Commerce_Website_Database/internal/handlers/brand_handler.go:90.48,93.3 2 0
E-Commerce_Website_Database/internal/handlers/brand_handler.go:95.2,95.35 1 1
E-Commerce_Website_Database/internal/handlers/brand_handler.go:103.47,106.33 2 1
E-Commerce_Website_Database/internal/handlers/brand_handler.go:106.33,109.3 2 0
E-Commerce_Website_Database/internal/handlers/brand_handler.go:111.2,112.56 2 1
E-Commerce_Website_Database/internal/handlers/brand_handler.go:112.56,115.3 2 0
E-Commerce_Website_Database/internal/handlers/brand_handler.go:117.2,118.67 2 1
E-Commerce_Website_Database/internal/handlers/brand_handler.go:118.67,121.3 2 0
E-Commerce_Website_Database/internal/handlers/brand_handler.go:123.2,126.60 3 1
E-Commerce_Website_Database/internal/handlers/brand_handler.go:126.60,129.3 2 1
E-Commerce_Website_Database/internal/handlers/brand_handler.go:131.2,131.46 1 1
E-Commerce_Website_Database/internal/handlers/brand_handler.go:131.46,134.3 2 0
E-Commerce_Website_Database/internal/handlers/brand_handler.go:136.2,136.30 1 1
E-Commerce_Website_Database/internal/handlers/brand_handler.go:141.47,145.42 3 1
E-Commerce_Website_Database/internal/handlers/brand_handler.go:145.42,149.3 3 1
E-Commerce_Website_Database/internal/handlers/brand_handler.go:151.2,151.98 1 1
E-Commerce_Website_Database/internal/handlers/brand_handler.go:151.98,154.3 2 0
E-Commerce_Website_Database/internal/handlers/brand_handler.go:156.2,156.35 1 1
E-Commerce_Website_Database/internal/handlers/brand_handler.go:161.76,162.14 1 1
E-Commerce_Website_Database/internal/handlers/brand_handler.go:163.37,164.53 1 1
E-Commerce_Website_Database/internal/handlers/brand_handler.go:165.51,166.60 1 0
E-Commerce_Website_Database/internal/handlers/brand_handler.go:168.2,168.19 1 1
E-Commerce_Website_Database/internal/handlers/category_handler.go:15.47,19.70 3 1
E-Commerce_Website_Database/internal/handlers/category_handler.go:19.70,22.3 2 1
E-Commerce_Website_Database/internal/handlers/category_handler.go:23.2,23.33 1 1
E-Commerce_Website_Database/internal/handlers/category_handler.go:30.49,32.16 2 1
E-Commerce_Website_Database/internal/handlers/category_handler.go:32.16,35.3 2 0
E-Commerce_Website_Database/internal/handlers/category_handler.go:36.2,36.35 1 1
E-Commerce_Website_Database/internal/handlers/category_handler.go:42.55,45.56 2 1
E-Commerce_Website_Database/internal/handlers/category_handler.go:45.56,46.43 1 1
E-Commerce_Website_Database/internal/handlers/category_handler.go:46.43,49.4 2 1
E-Commerce_Website_Database/internal/handlers/category_handler.go:52.2,53.16 2 1
E-Commerce_Website_Database/internal/handlers/category_handler.go:53.16,56.3 2 1
E-Commerce_Website_Database/internal/handlers/category_handler.go:57.2,57.98 1 1
E-Commerce_Website_Database/internal/handlers/category_handler.go:57.98,60.3 2 0
E-Commerce_Website_Database/internal/handlers/category_handler.go:61.2,61.35 1 1
E-Commerce_Website_Database/internal/handlers/category_handler.go:66.50,68.55 2 1
E-Commerce_Website_Database/internal/handlers/category_handler.go:68.55,71.3 2 0
E-Commerce_Website_Database/internal/handlers/category_handler.go:73.2,81.65 2 1
E-Commerce_Website_Database/internal/handlers/category_handler.go:81.65,84.3 2 1
E-Commerce_Website_Database/internal/handlers/category_handler.go:86.2,86.51 1 1
E-Commerce_Website_Database/internal/handlers/category_handler.go:86.51,89.3 2 0
E-Commerce_Website_Database/internal/handlers/category_handler.go:91.2,91.38 1 1
E-Commerce_Website_Database/internal/handlers/category_handler.go:96.50,99.36 2 1
E-Commerce_Website_Database/internal/handlers/category_handler.go:99.36,102.3 2 0
E-Commerce_Website_Database/internal/handlers/category_handler.go:104.2,105.59 2 1
E-Commerce_Website_Database/internal/handlers/category_handler.go:105.59,108.3 2 0
E-Commerce_Website_Database/internal/handlers/category_handler.go:110.2,111.70 2 1
E-Commerce_Website_Database/internal/handlers/category_handler.go:111.70,114.3 2 0
E-Commerce_Website_Database/internal/handlers/category_handler.go:116.2,119.69 3 1
E-Commerce_Website_Database/internal/handlers/category_handler.go:119.69,122.3 2 1
E-Commerce_Website_Database/internal/handlers/category_handler.go:124.2,124.49 1 1
E-Commerce_Website_Database/internal/handlers/category_handler.go:124.49,127.3 2 0
E-Commerce_Website_Database/internal/handlers/category_handler.go:129.2,129.33 1 1
E-Commerce_Website_Database/internal/handlers/category_handler.go:134.50,138.45 3 1
E-Commerce_Website_Database/internal/handlers/category_handler.go:138.45,142.3 3 1
E-Commerce_Website_Database/internal/handlers/category_handler.go:144.2,144.100 1 1
E-Commerce_Website_Database/internal/handlers/category_handler.go:144.100,147.3 2 0
E-Commerce_Website_Database/internal/handlers/category_handler.go:149.2,149.35 1 1
E-Commerce_Website_Database/internal/handlers/category_handler.go:156.89,157.14 1 1
E-Commerce_Website_Database/internal/handlers/category_handler.go:158.43,159.53 1 1
E-Commerce_Website_Database/internal/handlers/category_handler.go:160.57,161.60 1 0
E-Commerce_Website_Database/internal/handlers/category_handler.go:163.2,163.19 1 1
E-Commerce_Website_Database/internal/handlers/orderItem_handler.go:16.48,20.71 3 1
E-Commerce_Website_Database/internal/handlers/orderItem_handler.go:20.71,23.3 2 1
E-Commerce_Website_Database/internal/handlers/orderItem_handler.go:24.2,24.34 1 1
E-Commerce_Website_Database/internal/handlers/orderItem_handler.go:30.49,32.16 2 1
E-Commerce_Website_Database/internal/handlers/orderItem_handler.go:32.16,35.3 2 0
E-Commerce_Website_Database/internal/handlers/orderItem_handler.go:36.2,36.35 1 1
E-Commerce_Website_Database/internal/handlers/orderItem_handler.go:43.55,46.83 2 1
E-Commerce_Website_Database/internal/handlers/orderItem_handler.go:46.83,47.43 1 1
E-Commerce_Website_Database/internal/handlers/orderItem_handler.go:47.43,49.17 2 1
E-Commerce_Website_Database/internal/handlers/orderItem_handler.go:50.46,51.60 1 1
E-Commerce_Website_Database/internal/handlers/orderItem_handler.go:51.60,53.6 1 1
E-Commerce_Website_Database/internal/handlers/orderItem_handler.go:54.20,55.70 1 0
E-Commerce_Website_Database/internal/handlers/orderItem_handler.go:55.70,57.6 1 0
E-Commerce_Website_Database/internal/handlers/orderItem_handler.go:62.2,63.16 2 1
E-Commerce_Website_Database/internal/handlers/orderItem_handler.go:63.16,66.3 2 0
E-Commerce_Website_Database/internal/handlers/orderItem_handler.go:68.2,68.26 1 1
E-Commerce_Website_Database/internal/handlers/orderItem_handler.go:68.26,71.3 2 1
E-Commerce_Website_Database/internal/handlers/orderItem_handler.go:73.2,73.35 1 1
E-Commerce_Website_Database/internal/handlers/orderItem_handler.go:79.51,81.56 2 1
E-Commerce_Website_Database/internal/handlers/orderItem_handler.go:81.56,84.3 2 1
E-Commerce_Website_Database/internal/handlers/orderItem_handler.go:86.2,96.72 2 1
E-Commerce_Website_Database/internal/handlers/orderItem_handler.go:96.72,99.3 2 0
E-Commerce_Website_Database/internal/handlers/orderItem_handler.go:101.2,101.52 1 1
E-Commerce_Website_Database/internal/handlers/orderItem_handler.go:101.52,104.3 2 0
E-Commerce_Website_Database/internal/handlers/orderItem_handler.go:106.2,106.39 1 1
E-Commerce_Website_Database/internal/handlers/orderItem_handler.go:112.51,115.37 2 1
E-Commerce_Website_Database/internal/handlers/orderItem_handler.go:115.37,118.3 2 0
E-Commerce_Website_Database/internal/handlers/orderItem_handler.go:120.2,121.60 2 1
E-Commerce_Website_Database/internal/handlers/orderItem_handler.go:121.60,124.3 2 1
E-Commerce_Website_Database/internal/handlers/orderItem_handler.go:126.2,127.71 2 1
E-Commerce_Website_Database/internal/handlers/orderItem_handler.go:127.71,130.3 2 0
E-Commerce_Website_Database/internal/handlers/orderItem_handler.go:132.2,137.76 5 1
E-Commerce_Website_Database/internal/handlers/orderItem_handler.go:137.76,140.3 2 0
E-Commerce_Website_Database/internal/handlers/orderItem_handler.go:142.2,142.50 1 1
E-Commerce_Website_Database/internal/handlers/orderItem_handler.go:142.50,145.3 2 0
E-Commerce_Website_Database/internal/handlers/orderItem_handler.go:147.2,147.34 1 1
E-Commerce_Website_Database/internal/handlers/orderItem_handler.go:153.51,157.46 3 1
E-Commerce_Website_Database/internal/handlers/orderItem_handler.go:157.46,161.3 3 1
E-Commerce_Website_Database/internal/handlers/orderItem_handler.go:163.2,163.92 1 1
E-Commerce_Website_Database/internal/handlers/orderItem_handler.go:163.92,166.3 2 0
E-Commerce_Website_Database/internal/handlers/orderItem_handler.go:168.2,168.35 1 1
E-Commerce_Website_Database/internal/handlers/orderItem_handler.go:174.107,175.14 1 1
E-Commerce_Website_Database/internal/handlers/orderItem_handler.go:176.56,177.62 1 0
E-Commerce_Website_Database/internal/handlers/orderItem_handler.go:178.60,179.64 1 0
E-Commerce_Website_Database/internal/handlers/orderItem_handler.go:180.53,181.46 1 0
E-Commerce_Website_Database/internal/handlers/orderItem_handler.go:182.53,183.46 1 0
E-Commerce_Website_Database/internal/handlers/orderItem_handler.go:185.2,185.19 1 1
E-Commerce_Website_Database/internal/handlers/order_handler.go:16.44,20.67 3 1
E-Commerce_Website_Database/internal/handlers/order_handler.go:20.67,23.3 2 1
E-Commerce_Website_Database/internal/handlers/order_handler.go:24.2,24.30 1 1
E-Commerce_Website_Database/internal/handlers/order_handler.go:30.45,32.16 2 1
E-Commerce_Website_Database/internal/handlers/order_handler.go:32.16,35.3 2 0
E-Commerce_Website_Database/internal/handlers/order_handler.go:36.2,36.31 1 1
E-Commerce_Website_Database/internal/handlers/order_handler.go:43.51,46.84 2 1
E-Commerce_Website_Database/internal/handlers/order_handler.go:46.84,47.43 1 1
E-Commerce_Website_Database/internal/handlers/order_handler.go:47.43,49.17 2 1
E-Commerce_Website_Database/internal/handlers/order_handler.go:50.19,51.60 1 0
E-Commerce_Website_Database/internal/handlers/order_handler.go:51.60,53.6 1 0
E-Commerce_Website_Database/internal/handlers/order_handler.go:54.22,55.37 1 0
E-Commerce_Website_Database/internal/handlers/order_handler.go:56.24,57.70 1 0
E-Commerce_Website_Database/internal/handlers/order_handler.go:57.70,59.6 1 0
E-Commerce_Website_Database/internal/handlers/order_handler.go:60.18,61.54 1 1
E-Commerce_Website_Database/internal/handlers/order_handler.go:62.12,63.37 1 0
E-Commerce_Website_Database/internal/handlers/order_handler.go:68.2,69.16 2 1
E-Commerce_Website_Database/internal/handlers/order_handler.go:69.16,72.3 2 0
E-Commerce_Website_Database/internal/handlers/order_handler.go:74.2,74.22 1 1
E-Commerce_Website_Database/internal/handlers/order_handler.go:74.22,77.3 2 1
E-Commerce_Website_Database/internal/handlers/order_handler.go:79.2,79.31 1 1
E-Commerce_Website_Database/internal/handlers/order_handler.go:85.47,87.52 2 1
E-Commerce_Website_Database/internal/handlers/order_handler.go:87.52,90.3 2 1
E-Commerce_Website_Database/internal/handlers/order_handler.go:92.2,102.60 2 1
E-Commerce_Website_Database/internal/handlers/order_handler.go:102.60,105.3 2 0
E-Commerce_Website_Database/internal/handlers/order_handler.go:107.2,107.48 1 1
E-Commerce_Website_Database/internal/handlers/order_handler.go:107.48,110.3 2 0
E-Commerce_Website_Database/internal/handlers/order_handler.go:112.2,112.35 1 1
E-Commerce_Website_Database/internal/handlers/order_handler.go:118.47,121.33 2 1
E-Commerce_Website_Database/internal/handlers/order_handler.go:121.33,124.3 2 0
E-Commerce_Website_Database/internal/handlers/order_handler.go:126.2,127.56 2 1
E-Commerce_Website_Database/internal/handlers/order_handler.go:127.56,130.3 2 1
E-Commerce_Website_Database/internal/handlers/order_handler.go:132.2,133.67 2 1
E-Commerce_Website_Database/internal/handlers/order_handler.go:133.67,136.3 2 0
E-Commerce_Website_Database/internal/handlers/order_handler.go:138.2,143.64 5 1
E-Commerce_Website_Database/internal/handlers/order_handler.go:143.64,146.3 2 0
E-Commerce_Website_Database/internal/handlers/order_handler.go:148.2,148.46 1 1
E-Commerce_Website_Database/internal/handlers/order_handler.go:148.46,151.3 2 0
E-Commerce_Website_Database/internal/handlers/order_handler.go:153.2,153.30 1 1
E-Commerce_Website_Database/internal/handlers/order_handler.go:159.47,163.42 3 1
E-Commerce_Website_Database/internal/handlers/order_handler.go:163.42,167.3 3 1
E-Commerce_Website_Database/internal/handlers/order_handler.go:169.2,169.97 1 1
E-Commerce_Website_Database/internal/handlers/order_handler.go:169.97,172.3 2 0
E-Commerce_Website_Database/internal/handlers/order_handler.go:174.2,174.35 1 1
E-Commerce_Website_Database/internal/handlers/order_handler.go:179.87,180.14 1 1
E-Commerce_Website_Database/internal/handlers/order_handler.go:181.46,182.61 1 0
E-Commerce_Website_Database/internal/handlers/order_handler.go:183.48,184.56 1 0
E-Commerce_Website_Database/internal/handlers/order_handler.go:185.52,186.44 1 0
E-Commerce_Website_Database/internal/handlers/order_handler.go:187.41,188.60 1 0
E-Commerce_Website_Database/internal/handlers/order_handler.go:190.2,190.19 1 1
E-Commerce_Website_Database/internal/handlers/payment_handler.go:16.46,20.69 3 1
E-Commerce_Website_Database/internal/handlers/payment_handler.go:20.69,23.3 2 1
E-Commerce_Website_Database/internal/handlers/payment_handler.go:24.2,24.32 1 1
E-Commerce_Website_Database/internal/handlers/payment_handler.go:29.47,31.16 2 1
E-Commerce_Website_Database/internal/handlers/payment_handler.go:31.16,34.3 2 0
E-Commerce_Website_Database/internal/handlers/payment_handler.go:35.2,35.33 1 1
E-Commerce_Website_Database/internal/handlers/payment_handler.go:42.53,45.99 2 1
E-Commerce_Website_Database/internal/handlers/payment_handler.go:45.99,46.43 1 1
E-Commerce_Website_Database/internal/handlers/payment_handler.go:46.43,48.17 2 1
E-Commerce_Website_Database/internal/handlers/payment_handler.go:49.20,50.60 1 0
E-Commerce_Website_Database/internal/handlers/payment_handler.go:50.60,52.6 1 0
E-Commerce_Website_Database/internal/handlers/payment_handler.go:53.18,54.70 1 0
E-Commerce_Website_Database/internal/handlers/payment_handler.go:54.70,56.6 1 0
E-Commerce_Website_Database/internal/handlers/payment_handler.go:57.36,58.54 1 1
E-Commerce_Website_Database/internal/handlers/payment_handler.go:59.24,60.37 1 0
E-Commerce_Website_Database/internal/handlers/payment_handler.go:61.12,62.37 1 0
E-Commerce_Website_Database/internal/handlers/payment_handler.go:67.2,68.16 2 1
E-Commerce_Website_Database/internal/handlers/payment_handler.go:68.16,71.3 2 0
E-Commerce_Website_Database/internal/handlers/payment_handler.go:73.2,73.24 1 1
E-Commerce_Website_Database/internal/handlers/payment_handler.go:73.24,76.3 2 0
E-Commerce_Website_Database/internal/handlers/payment_handler.go:78.2,78.33 1 1
E-Commerce_Website_Database/internal/handlers/payment_handler.go:83.49,85.54 2 1
E-Commerce_Website_Database/internal/handlers/payment_handler.go:85.54,88.3 2 1
E-Commerce_Website_Database/internal/handlers/payment_handler.go:90.2,101.66 2 1
E-Commerce_Website_Database/internal/handlers/payment_handler.go:101.66,104.3 2 0
E-Commerce_Website_Database/internal/handlers/payment_handler.go:106.2,106.50 1 1
E-Commerce_Website_Database/internal/handlers/payment_handler.go:106.50,109.3 2 0
E-Commerce_Website_Database/internal/handlers/payment_handler.go:111.2,111.37 1 1
E-Commerce_Website_Database/internal/handlers/payment_handler.go:117.49,120.35 2 1
E-Commerce_Website_Database/internal/handlers/payment_handler.go:120.35,123.3 2 0
E-Commerce_Website_Database/internal/handlers/payment_handler.go:125.2,126.58 2 1
E-Commerce_Website_Database/internal/handlers/payment_handler.go:126.58,129.3 2 1
E-Commerce_Website_Database/internal/handlers/payment_handler.go:131.2,132.69 2 1
E-Commerce_Website_Database/internal/handlers/payment_handler.go:132.69,135.3 2 0
E-Commerce_Website_Database/internal/handlers/payment_handler.go:137.2,143.70 6 1
E-Commerce_Website_Database/internal/handlers/payment_handler.go:143.70,146.3 2 0
E-Commerce_Website_Database/internal/handlers/payment_handler.go:148.2,148.48 1 1
E-Commerce_Website_Database/internal/handlers/payment_handler.go:148.48,151.3 2 0
E-Commerce_Website_Database/internal/handlers/payment_handler.go:153.2,153.32 1 1
E-Commerce_Website_Database/internal/handlers/payment_handler.go:159.49,163.44 3 1
E-Commerce_Website_Database/internal/handlers/payment_handler.go:163.44,167.3 3 1
E-Commerce_Website_Database/internal/handlers/payment_handler.go:169.2,169.99 1 1
E-Commerce_Website_Database/internal/handlers/payment_handler.go:169.99,172.3 2 0
E-Commerce_Website_Database/internal/handlers/payment_handler.go:174.2,174.35 1 1
E-Commerce_Website_Database/internal/handlers/payment_handler.go:179.97,180.14 1 1
E-Commerce_Website_Database/internal/handlers/payment_handler.go:181.52,182.62 1 0
E-Commerce_Website_Database/internal/handlers/payment_handler.go:183.60,184.60 1 0
E-Commerce_Website_Database/internal/handlers/payment_handler.go:185.45,186.44 1 0
E-Commerce_Website_Database/internal/handlers/payment_handler.go:187.56,188.50 1 0
E-Commerce_Website_Database/internal/handlers/payment_handler.go:189.45,190.60 1 0
E-Commerce_Website_Database/internal/handlers/payment_handler.go:192.2,192.19 1 1
E-Commerce_Website_Database/internal/handlers/product_handler.go:18.46,22.69 3 1
E-Commerce_Website_Database/internal/handlers/product_handler.go:22.69,25.3 2 1
E-Commerce_Website_Database/internal/handlers/product_handler.go:26.2,26.32 1 1
E-Commerce_Website_Database/internal/handlers/product_handler.go:33.47,35.16 2 1
E-Commerce_Website_Database/internal/handlers/product_handler.go:35.16,38.3 2 0
E-Commerce_Website_Database/internal/handlers/product_handler.go:39.2,39.33 1 1
E-Commerce_Website_Database/internal/handlers/product_handler.go:46.53,49.114 2 1
E-Commerce_Website_Database/internal/handlers/product_handler.go:49.114,50.43 1 1
E-Commerce_Website_Database/internal/handlers/product_handler.go:50.43,52.53 2 1
E-Commerce_Website_Database/internal/handlers/product_handler.go:52.53,53.70 1 0
E-Commerce_Website_Database/internal/handlers/product_handler.go:53.70,55.6 1 0
E-Commerce_Website_Database/internal/handlers/product_handler.go:56.10,58.5 1 1
E-Commerce_Website_Database/internal/handlers/product_handler.go:63.2,64.16 2 1
E-Commerce_Website_Database/internal/handlers/product_handler.go:64.16,67.3 2 0
E-Commerce_Website_Database/internal/handlers/product_handler.go:69.2,69.24 1 1
E-Commerce_Website_Database/internal/handlers/product_handler.go:69.24,72.3 2 1
E-Commerce_Website_Database/internal/handlers/product_handler.go:74.2,74.33 1 1
E-Commerce_Website_Database/internal/handlers/product_handler.go:81.49,83.54 2 1
E-Commerce_Website_Database/internal/handlers/product_handler.go:83.54,86.3 2 1
E-Commerce_Website_Database/internal/handlers/product_handler.go:88.2,100.66 2 1
E-Commerce_Website_Database/internal/handlers/product_handler.go:100.66,103.3 2 0
E-Commerce_Website_Database/internal/handlers/product_handler.go:105.2,105.50 1 1
E-Commerce_Website_Database/internal/handlers/product_handler.go:105.50,108.3 2 0
E-Commerce_Website_Database/internal/handlers/product_handler.go:110.2,110.37 1 1
E-Commerce_Website_Database/internal/handlers/product_handler.go:118.49,121.35 2 1
E-Commerce_Website_Database/internal/handlers/product_handler.go:121.35,124.3 2 1
E-Commerce_Website_Database/internal/handlers/product_handler.go:126.2,127.54 2 1
E-Commerce_Website_Database/internal/handlers/product_handler.go:127.54,130.3 2 0
E-Commerce_Website_Database/internal/handlers/product_handler.go:132.2,133.69 2 1
E-Commerce_Website_Database/internal/handlers/product_handler.go:133.69,136.3 2 0
E-Commerce_Website_Database/internal/handlers/product_handler.go:138.2,145.66 7 1
E-Commerce_Website_Database/internal/handlers/product_handler.go:145.66,148.3 2 0
E-Commerce_Website_Database/internal/handlers/product_handler.go:150.2,150.48 1 1
E-Commerce_Website_Database/internal/handlers/product_handler.go:150.48,153.3 2 0
E-Commerce_Website_Database/internal/handlers/product_handler.go:155.2,155.32 1 1
E-Commerce_Website_Database/internal/handlers/product_handler.go:162.49,166.44 3 1
E-Commerce_Website_Database/internal/handlers/product_handler.go:166.44,170.3 3 1
E-Commerce_Website_Database/internal/handlers/product_handler.go:172.2,172.99 1 1
E-Commerce_Website_Database/internal/handlers/product_handler.go:172.99,175.3 2 0
E-Commerce_Website_Database/internal/handlers/product_handler.go:176.2,176.67 1 1
E-Commerce_Website_Database/internal/handlers/product_handler.go:181.97,182.14 1 1
E-Commerce_Website_Database/internal/handlers/product_handler.go:183.41,184.53 1 0
E-Commerce_Website_Database/internal/handlers/product_handler.go:185.55,186.60 1 0
E-Commerce_Website_Database/internal/handlers/product_handler.go:187.43,188.43 1 0
E-Commerce_Website_Database/internal/handlers/product_handler.go:189.60,190.52 1 0
E-Commerce_Website_Database/internal/handlers/product_handler.go:191.52,192.62 1 0
E-Commerce_Website_Database/internal/handlers/product_handler.go:193.58,194.65 1 0
E-Commerce_Website_Database/internal/handlers/product_handler.go:196.2,196.19 1 1
E-Commerce_Website_Database/internal/handlers/review_handler.go:18.45,22.68 3 1
E-Commerce_Website_Database/internal/handlers/review_handler.go:22.68,25.3 2 1
E-Commerce_Website_Database/internal/handlers/review_handler.go:26.2,26.31 1 1
E-Commerce_Website_Database/internal/handlers/review_handler.go:33.46,35.16 2 1
E-Commerce_Website_Database/internal/handlers/review_handler.go:35.16,38.3 2 0
E-Commerce_Website_Database/internal/handlers/review_handler.go:39.2,39.32 1 1
E-Commerce_Website_Database/internal/handlers/review_handler.go:46.52,49.94 2 1
E-Commerce_Website_Database/internal/handlers/review_handler.go:49.94,50.43 1 1
E-Commerce_Website_Database/internal/handlers/review_handler.go:50.43,52.17 2 1
E-Commerce_Website_Database/internal/handlers/review_handler.go:53.43,54.60 1 1
E-Commerce_Website_Database/internal/handlers/review_handler.go:54.60,56.6 1 1
E-Commerce_Website_Database/internal/handlers/review_handler.go:57.34,58.37 1 0
E-Commerce_Website_Database/internal/handlers/review_handler.go:59.12,60.37 1 0
E-Commerce_Website_Database/internal/handlers/review_handler.go:65.2,66.16 2 1
E-Commerce_Website_Database/internal/handlers/review_handler.go:66.16,69.3 2 0
E-Commerce_Website_Database/internal/handlers/review_handler.go:71.2,71.23 1 1
E-Commerce_Website_Database/internal/handlers/review_handler.go:71.23,74.3 2 1
E-Commerce_Website_Database/internal/handlers/review_handler.go:76.2,76.32 1 1
E-Commerce_Website_Database/internal/handlers/review_handler.go:83.48,85.53 2 1
E-Commerce_Website_Database/internal/handlers/review_handler.go:85.53,88.3 2 0
E-Commerce_Website_Database/internal/handlers/review_handler.go:90.2,101.63 2 1
E-Commerce_Website_Database/internal/handlers/review_handler.go:101.63,104.3 2 1
E-Commerce_Website_Database/internal/handlers/review_handler.go:106.2,106.49 1 1
E-Commerce_Website_Database/internal/handlers/review_handler.go:106.49,109.3 2 0
E-Commerce_Website_Database/internal/handlers/review_handler.go:111.2,111.36 1 1
E-Commerce_Website_Database/internal/handlers/review_handler.go:118.48,121.34 2 1
E-Commerce_Website_Database/internal/handlers/review_handler.go:121.34,124.3 2 1
E-Commerce_Website_Database/internal/handlers/review_handler.go:126.2,127.57 2 1
E-Commerce_Website_Database/internal/handlers/review_handler.go:127.57,130.3 2 0
E-Commerce_Website_Database/internal/handlers/review_handler.go:132.2,133.68 2 1
E-Commerce_Website_Database/internal/handlers/review_handler.go:133.68,136.3 2 0
E-Commerce_Website_Database/internal/handlers/review_handler.go:138.2,144.67 6 1
E-Commerce_Website_Database/internal/handlers/review_handler.go:144.67,147.3 2 0
E-Commerce_Website_Database/internal/handlers/review_handler.go:149.2,149.47 1 1
E-Commerce_Website_Database/internal/handlers/review_handler.go:149.47,152.3 2 0
E-Commerce_Website_Database/internal/handlers/review_handler.go:154.2,154.31 1 1
E-Commerce_Website_Database/internal/handlers/review_handler.go:161.48,165.43 3 1
E-Commerce_Website_Database/internal/handlers/review_handler.go:165.43,169.3 3 1
E-Commerce_Website_Database/internal/handlers/review_handler.go:171.2,171.98 1 1
E-Commerce_Website_Database/internal/handlers/review_handler.go:171.98,174.3 2 0
E-Commerce_Website_Database/internal/handlers/review_handler.go:176.2,176.35 1 1
E-Commerce_Website_Database/internal/handlers/review_handler.go:183.92,184.14 1 1
E-Commerce_Website_Database/internal/handlers/review_handler.go:185.54,186.64 1 1
E-Commerce_Website_Database/internal/handlers/review_handler.go:187.48,188.61 1 0
E-Commerce_Website_Database/internal/handlers/review_handler.go:189.43,190.68 1 0
E-Commerce_Website_Database/internal/handlers/review_handler.go:191.45,192.54 1 0
E-Commerce_Website_Database/internal/handlers/review_handler.go:193.52,194.57 1 0
E-Commerce_Website_Database/internal/handlers/review_handler.go:196.2,196.19 1 1
E-Commerce_Website_Database/internal/handlers/shippingDetails_handler.go:18.53,22.76 3 1
E-Commerce_Website_Database/internal/handlers/shippingDetails_handler.go:22.76,25.3 2 1
E-Commerce_Website_Database/internal/handlers/shippingDetails_handler.go:26.2,26.39 1 1
E-Commerce_Website_Database/internal/handlers/shippingDetails_handler.go:33.54,35.16 2 1
E-Commerce_Website_Database/internal/handlers/shippingDetails_handler.go:35.16,38.3 2 0
E-Commerce_Website_Database/internal/handlers/shippingDetails_handler.go:39.2,39.40 1 1
E-Commerce_Website_Database/internal/handlers/shippingDetails_handler.go:46.60,49.104 2 1
E-Commerce_Website_Database/internal/handlers/shippingDetails_handler.go:49.104,50.43 1 1
E-Commerce_Website_Database/internal/handlers/shippingDetails_handler.go:50.43,52.17 2 1
E-Commerce_Website_Database/internal/handlers/shippingDetails_handler.go:53.20,54.60 1 0
E-Commerce_Website_Database/internal/handlers/shippingDetails_handler.go:54.60,56.6 1 0
E-Commerce_Website_Database/internal/handlers/shippingDetails_handler.go:57.57,58.37 1 0
E-Commerce_Website_Database/internal/handlers/shippingDetails_handler.go:59.18,60.54 1 1
E-Commerce_Website_Database/internal/handlers/shippingDetails_handler.go:61.12,62.37 1 0
E-Commerce_Website_Database/internal/handlers/shippingDetails_handler.go:67.2,68.16 2 1
E-Commerce_Website_Database/internal/handlers/shippingDetails_handler.go:68.16,71.3 2 0
E-Commerce_Website_Database/internal/handlers/shippingDetails_handler.go:73.2,73.30 1 1
E-Commerce_Website_Database/internal/handlers/shippingDetails_handler.go:73.30,76.3 2 1
E-Commerce_Website_Database/internal/handlers/shippingDetails_handler.go:78.2,78.39 1 1
E-Commerce_Website_Database/internal/handlers/shippingDetails_handler.go:85.56,87.61 2 1
E-Commerce_Website_Database/internal/handlers/shippingDetails_handler.go:87.61,90.3 2 0
E-Commerce_Website_Database/internal/handlers/shippingDetails_handler.go:92.2,103.87 2 1
E-Commerce_Website_Database/internal/handlers/shippingDetails_handler.go:103.87,106.3 2 1
E-Commerce_Website_Database/internal/handlers/shippingDetails_handler.go:108.2,108.57 1 1
E-Commerce_Website_Database/internal/handlers/shippingDetails_handler.go:108.57,111.3 2 0
E-Commerce_Website_Database/internal/handlers/shippingDetails_handler.go:113.2,113.44 1 1
E-Commerce_Website_Database/internal/handlers/shippingDetails_handler.go:120.56,123.43 2 1
E-Commerce_Website_Database/internal/handlers/shippingDetails_handler.go:123.43,126.3 2 1
E-Commerce_Website_Database/internal/handlers/shippingDetails_handler.go:128.2,129.65 2 1
E-Commerce_Website_Database/internal/handlers/shippingDetails_handler.go:129.65,132.3 2 0
E-Commerce_Website_Database/internal/handlers/shippingDetails_handler.go:134.2,135.76 2 1
E-Commerce_Website_Database/internal/handlers/shippingDetails_handler.go:135.76,138.3 2 0
E-Commerce_Website_Database/internal/handlers/shippingDetails_handler.go:140.2,146.91 6 1
E-Commerce_Website_Database/internal/handlers/shippingDetails_handler.go:146.91,149.3 2 0
E-Commerce_Website_Database/internal/handlers/shippingDetails_handler.go:151.2,151.55 1 1
E-Commerce_Website_Database/internal/handlers/shippingDetails_handler.go:151.55,154.3 2 0
E-Commerce_Website_Database/internal/handlers/shippingDetails_handler.go:156.2,156.39 1 1
E-Commerce_Website_Database/internal/handlers/shippingDetails_handler.go:163.56,167.52 3 1
E-Commerce_Website_Database/internal/handlers/shippingDetails_handler.go:167.52,171.3 3 1
E-Commerce_Website_Database/internal/handlers/shippingDetails_handler.go:173.2,173.107 1 1
E-Commerce_Website_Database/internal/handlers/shippingDetails_handler.go:173.107,176.3 2 0
E-Commerce_Website_Database/internal/handlers/shippingDetails_handler.go:178.2,178.35 1 1
E-Commerce_Website_Database/internal/handlers/shippingDetails_handler.go:185.134,186.14 1 1
E-Commerce_Website_Database/internal/handlers/shippingDetails_handler.go:187.66,188.62 1 1
E-Commerce_Website_Database/internal/handlers/shippingDetails_handler.go:189.61,190.45 1 0
E-Commerce_Website_Database/internal/handlers/shippingDetails_handler.go:191.72,192.59 1 0
E-Commerce_Website_Database/internal/handlers/shippingDetails_handler.go:193.80,194.59 1 0
E-Commerce_Website_Database/internal/handlers/shippingDetails_handler.go:195.59,196.49 1 0
E-Commerce_Website_Database/internal/handlers/shippingDetails_handler.go:198.2,198.19 1 1
E-Commerce_Website_Database/internal/handlers/user_handler.go:18.43,22.75 3 1
E-Commerce_Website_Database/internal/handlers/user_handler.go:22.75,25.3 2 1
E-Commerce_Website_Database/internal/handlers/user_handler.go:27.2,27.29 1 1
E-Commerce_Website_Database/internal/handlers/user_handler.go:35.44,38.16 2 1
E-Commerce_Website_Database/internal/handlers/user_handler.go:38.16,41.3 2 0
E-Commerce_Website_Database/internal/handlers/user_handler.go:43.2,43.30 1 1
E-Commerce_Website_Database/internal/handlers/user_handler.go:51.50,54.92 2 1
E-Commerce_Website_Database/internal/handlers/user_handler.go:54.92,55.43 1 1
E-Commerce_Website_Database/internal/handlers/user_handler.go:55.43,58.4 2 1
E-Commerce_Website_Database/internal/handlers/user_handler.go:61.2,62.16 2 1
E-Commerce_Website_Database/internal/handlers/user_handler.go:62.16,65.3 2 0
E-Commerce_Website_Database/internal/handlers/user_handler.go:67.2,67.21 1 1
E-Commerce_Website_Database/internal/handlers/user_handler.go:67.21,70.3 2 1
E-Commerce_Website_Database/internal/handlers/user_handler.go:72.2,72.30 1 1
E-Commerce_Website_Database/internal/handlers/user_handler.go:79.46,82.51 2 1
E-Commerce_Website_Database/internal/handlers/user_handler.go:82.51,85.3 2 0
E-Commerce_Website_Database/internal/handlers/user_handler.go:86.2,87.16 2 1
E-Commerce_Website_Database/internal/handlers/user_handler.go:87.16,90.3 2 0
E-Commerce_Website_Database/internal/handlers/user_handler.go:92.2,106.59 2 1
E-Commerce_Website_Database/internal/handlers/user_handler.go:106.59,109.3 2 1
E-Commerce_Website_Database/internal/handlers/user_handler.go:111.2,111.47 1 1
E-Commerce_Website_Database/internal/handlers/user_handler.go:111.47,114.3 2 0
E-Commerce_Website_Database/internal/handlers/user_handler.go:116.2,116.34 1 1
E-Commerce_Website_Database/internal/handlers/user_handler.go:124.46,127.32 2 1
E-Commerce_Website_Database/internal/handlers/user_handler.go:127.32,130.3 2 1
E-Commerce_Website_Database/internal/handlers/user_handler.go:132.2,133.51 2 1
E-Commerce_Website_Database/internal/handlers/user_handler.go:133.51,136.3 2 0
E-Commerce_Website_Database/internal/handlers/user_handler.go:139.2,140.50 2 1
E-Commerce_Website_Database/internal/handlers/user_handler.go:140.50,143.3 2 0
E-Commerce_Website_Database/internal/handlers/user_handler.go:144.2,144.28 1 1
E-Commerce_Website_Database/internal/handlers/user_handler.go:144.28,145.44 1 1
E-Commerce_Website_Database/internal/handlers/user_handler.go:145.44,147.18 2 1
E-Commerce_Website_Database/internal/handlers/user_handler.go:147.18,150.5 2 0
E-Commerce_Website_Database/internal/handlers/user_handler.go:151.4,151.42 1 1
E-Commerce_Website_Database/internal/handlers/user_handler.go:152.9,156.4 2 0
E-Commerce_Website_Database/internal/handlers/user_handler.go:160.2,167.74 7 1
E-Commerce_Website_Database/internal/handlers/user_handler.go:167.74,170.3 2 0
E-Commerce_Website_Database/internal/handlers/user_handler.go:172.2,172.45 1 1
E-Commerce_Website_Database/internal/handlers/user_handler.go:172.45,175.3 2 0
E-Commerce_Website_Database/internal/handlers/user_handler.go:177.2,177.29 1 1
E-Commerce_Website_Database/internal/handlers/user_handler.go:184.46,188.41 3 1
E-Commerce_Website_Database/internal/handlers/user_handler.go:188.41,192.3 3 1
E-Commerce_Website_Database/internal/handlers/user_handler.go:194.2,194.96 1 1
E-Commerce_Website_Database/internal/handlers/user_handler.go:194.96,197.3 2 0
E-Commerce_Website_Database/internal/handlers/user_handler.go:199.2,199.64 1 1
E-Commerce_Website_Database/internal/handlers/user_handler.go:206.86,207.14 1 1
E-Commerce_Website_Database/internal/handlers/user_handler.go:208.46,209.59 1 0
E-Commerce_Website_Database/internal/handlers/user_handler.go:210.44,211.58 1 1
E-Commerce_Website_Database/internal/handlers/user_handler.go:212.43,213.46 1 0
E-Commerce_Website_Database/internal/handlers/user_handler.go:214.43,215.17 1 0
E-Commerce_Website_Database/internal/handlers/user_handler.go:215.17,217.4 1 0
E-Commerce_Website_Database/internal/handlers/user_handler.go:218.3,218.20 1 0
E-Commerce_Website_Database/internal/handlers/user_handler.go:219.37,220.43 1 0
E-Commerce_Website_Database/internal/handlers/user_handler.go:221.41,222.45 1 0
E-Commerce_Website_Database/internal/handlers/user_handler.go:223.38,224.44 1 0
E-Commerce_Website_Database/internal/handlers/user_handler.go:226.2,226.19 1 1
E-Commerce_Website_Database/internal/handlers/user_handler.go:233.70,235.78 2 1
E-Commerce_Website_Database/internal/handlers/user_handler.go:235.78,237.3 1 1
E-Commerce_Website_Database/internal/handlers/user_handler.go:238.2,238.19 1 1
